<?xml version="1.0" encoding="UTF-8"?>
<!-- Generated by org.testng.reporters.JUnitReportReporter -->
<testsuite hostname="LMC-LT-066" failures="0" tests="2" name="TestClass.LoginPageTest" time="21.080" errors="0" timestamp="2022-08-04T11:36:32 IST" skipped="0">
  <testcase classname="TestClass.LoginPageTest" name="ValidateTitleTest" time="8.324"/>
  <system-out/>
  <testcase classname="TestClass.LoginPageTest" name="ValidateLoginCredinatilTest" time="12.756"/>
  <system-out/>
</testsuite> <!-- TestClass.LoginPageTest -->
