<?xml version="1.0" encoding="UTF-8"?>
<!-- Generated by org.testng.reporters.JUnitReportReporter -->
<testsuite hostname="LMC-LT-066" failures="0" tests="1" name="TestClass.ForgotPassTest" time="8.666" errors="0" timestamp="2022-07-29T14:54:10 IST" skipped="0">
  <testcase classname="TestClass.ForgotPassTest" name="ValidateForgotpassTest" time="8.666"/>
  <system-out/>
</testsuite> <!-- TestClass.ForgotPassTest -->
