<?xml version="1.0" encoding="UTF-8"?>
<!-- Generated by org.testng.reporters.JUnitReportReporter -->
<testsuite hostname="LMC-LT-066" failures="0" tests="2" name="TestClass.AdminpageTest" time="27.659" errors="0" timestamp="2022-07-29T14:54:10 IST" skipped="0">
  <testcase classname="TestClass.AdminpageTest" name="Verify_AdminPage" time="15.082"/>
  <system-out/>
  <testcase classname="TestClass.AdminpageTest" name="Verify_admin_Add_buttonTest" time="12.577"/>
  <system-out/>
</testsuite> <!-- TestClass.AdminpageTest -->
