<?xml version="1.0" encoding="UTF-8"?>
<!-- Generated by org.testng.reporters.JUnitReportReporter -->
<testsuite hostname="LMC-LT-066" failures="0" tests="1" name="TestClass.DashboardPageTest1" time="16.044" errors="0" timestamp="2022-07-28T09:56:59 IST" skipped="0">
  <testcase classname="TestClass.DashboardPageTest1" name="Verify_AdminPage" time="16.044"/>
  <system-out/>
</testsuite> <!-- TestClass.DashboardPageTest1 -->
