<?xml version="1.0" encoding="UTF-8"?>
<!-- Generated by org.testng.reporters.JUnitReportReporter -->
<testsuite hostname="LMC-LT-066" failures="0" tests="2" name="TestClass.LoginPageTest" time="16.653" errors="0" timestamp="2022-07-29T14:54:10 IST" skipped="0">
  <testcase classname="TestClass.LoginPageTest" name="ValidateTitleTest" time="4.043"/>
  <system-out/>
  <testcase classname="TestClass.LoginPageTest" name="ValidateLoginCredinatilTest" time="12.610"/>
  <system-out/>
</testsuite> <!-- TestClass.LoginPageTest -->
