<?xml version="1.0" encoding="UTF-8"?>
<!-- Generated by org.testng.reporters.JUnitReportReporter -->
<testsuite hostname="LMC-LT-066" failures="0" tests="1" name="TestClass.Admin_JobPageTest" time="25.292" errors="0" timestamp="2022-07-29T14:54:10 IST" skipped="0">
  <testcase classname="TestClass.Admin_JobPageTest" name="verifyAddJobTest" time="25.292"/>
  <system-out/>
</testsuite> <!-- TestClass.Admin_JobPageTest -->
